<?xml version="1.0" encoding="UTF-8"?>
<!-- Generated by org.testng.reporters.JUnitXMLReporter -->
<testsuite ignored="0" hostname="MSI" failures="0" tests="3" name="Test Sample API" time="3.8" errors="0" timestamp="2022-07-13T12:26:44 IST">
  <testcase classname="SampleAPITest" name="testCanRelistElement" time="0.723"/>
  <testcase classname="SampleAPITest" name="testNameElement" time="0.028"/>
  <testcase classname="SampleAPITest" name="testPromotionsForString" time="0.155"/>
</testsuite> <!-- Test Sample API -->
