<?xml version="1.0" encoding="UTF-8"?>
<testng-results ignored="0" total="3" passed="3" failed="0" skipped="0">
  <reporter-output>
  </reporter-output>
  <suite started-at="2022-07-13T12:26:40 IST" name="Sample API test suite" finished-at="2022-07-13T12:26:44 IST" duration-ms="3800">
    <groups>
    </groups>
    <test started-at="2022-07-13T12:26:40 IST" name="Test Sample API" finished-at="2022-07-13T12:26:44 IST" duration-ms="3800">
      <class name="SampleAPITest">
        <test-method is-config="true" signature="callEndpoint()[pri:0, instance:SampleAPITest@460d0a57]" started-at="2022-07-13T12:26:40 IST" name="callEndpoint" finished-at="2022-07-13T12:26:43 IST" duration-ms="2850" status="PASS">
          <reporter-output>
          </reporter-output>
        </test-method> <!-- callEndpoint -->
        <test-method signature="testCanRelistElement()[pri:0, instance:SampleAPITest@460d0a57]" started-at="2022-07-13T12:26:43 IST" name="testCanRelistElement" description="Retrieve and assert CanRelist" finished-at="2022-07-13T12:26:44 IST" duration-ms="723" status="PASS">
          <reporter-output>
          </reporter-output>
        </test-method> <!-- testCanRelistElement -->
        <test-method signature="testNameElement()[pri:0, instance:SampleAPITest@460d0a57]" started-at="2022-07-13T12:26:44 IST" name="testNameElement" description="Retrieve and assert Name" finished-at="2022-07-13T12:26:44 IST" duration-ms="28" status="PASS">
          <reporter-output>
          </reporter-output>
        </test-method> <!-- testNameElement -->
        <test-method signature="testPromotionsForString()[pri:0, instance:SampleAPITest@460d0a57]" started-at="2022-07-13T12:26:44 IST" name="testPromotionsForString" description="Retrieve and assert description of Gallery promotion item" finished-at="2022-07-13T12:26:44 IST" duration-ms="155" status="PASS">
          <reporter-output>
          </reporter-output>
        </test-method> <!-- testPromotionsForString -->
      </class> <!-- SampleAPITest -->
    </test> <!-- Test Sample API -->
  </suite> <!-- Sample API test suite -->
</testng-results>
