<?xml version="1.0" encoding="UTF-8"?>
<testsuite xmlns:xsi="http://www.w3.org/2001/XMLSchema-instance" xsi:noNamespaceSchemaLocation="https://maven.apache.org/surefire/maven-surefire-plugin/xsd/surefire-test-report-3.0.xsd" version="3.0" name="TestSuite" time="4.316" tests="3" errors="0" skipped="0" failures="0">
  <properties>
[...]
</properties>
  <testcase name="testCanRelistElement" classname="SampleAPITest" time="0.723">
    <system-err><![CDATA[SLF4J: Failed to load class "org.slf4j.impl.StaticLoggerBinder".
SLF4J: Defaulting to no-operation (NOP) logger implementation
SLF4J: See http://www.slf4j.org/codes.html#StaticLoggerBinder for further details.
Jul 13, 2022 12:26:40 PM SampleAPITest callEndpoint
INFO: Invoking API endpoint
Jul 13, 2022 12:26:43 PM SampleAPITest testCanRelistElement
INFO: Executing test method - testCanRelistElement
]]></system-err>
  </testcase>
  <testcase name="testNameElement" classname="SampleAPITest" time="0.029">
    <system-err><![CDATA[Jul 13, 2022 12:26:44 PM SampleAPITest testNameElement
INFO: Executing test method - testNameElement
]]></system-err>
  </testcase>
  <testcase name="testPromotionsForString" classname="SampleAPITest" time="0.154">
    <system-err><![CDATA[Jul 13, 2022 12:26:44 PM SampleAPITest testPromotionsForString
INFO: Executing test method - testPromotionsForString
]]></system-err>
  </testcase>
</testsuite>